2019-06-27 0:05:52 - PHP Warning:  curl_init() has been disabled for security reasons in /profiles/j/ji/jin/jinsike/jinsike.zzz.com.ua/admin/model/localisation/currency.php on line 121
2019-06-27 0:05:52 - PHP Warning:  curl_setopt() has been disabled for security reasons in /profiles/j/ji/jin/jinsike/jinsike.zzz.com.ua/admin/model/localisation/currency.php on line 123
2019-06-27 0:05:52 - PHP Warning:  curl_setopt() has been disabled for security reasons in /profiles/j/ji/jin/jinsike/jinsike.zzz.com.ua/admin/model/localisation/currency.php on line 124
2019-06-27 0:05:52 - PHP Warning:  curl_setopt() has been disabled for security reasons in /profiles/j/ji/jin/jinsike/jinsike.zzz.com.ua/admin/model/localisation/currency.php on line 125
2019-06-27 0:05:52 - PHP Warning:  curl_setopt() has been disabled for security reasons in /profiles/j/ji/jin/jinsike/jinsike.zzz.com.ua/admin/model/localisation/currency.php on line 126
2019-06-27 0:05:52 - PHP Warning:  curl_setopt() has been disabled for security reasons in /profiles/j/ji/jin/jinsike/jinsike.zzz.com.ua/admin/model/localisation/currency.php on line 127
2019-06-27 0:05:52 - PHP Warning:  curl_exec() has been disabled for security reasons in /profiles/j/ji/jin/jinsike/jinsike.zzz.com.ua/admin/model/localisation/currency.php on line 129
2019-06-27 0:05:52 - PHP Warning:  curl_close() has been disabled for security reasons in /profiles/j/ji/jin/jinsike/jinsike.zzz.com.ua/admin/model/localisation/currency.php on line 131
2019-06-27 0:09:00 - PHP Warning:  curl_init() has been disabled for security reasons in /profiles/j/ji/jin/jinsike/jinsike.zzz.com.ua/admin/model/localisation/currency.php on line 121
2019-06-27 0:09:00 - PHP Warning:  curl_setopt() has been disabled for security reasons in /profiles/j/ji/jin/jinsike/jinsike.zzz.com.ua/admin/model/localisation/currency.php on line 123
2019-06-27 0:09:00 - PHP Warning:  curl_setopt() has been disabled for security reasons in /profiles/j/ji/jin/jinsike/jinsike.zzz.com.ua/admin/model/localisation/currency.php on line 124
2019-06-27 0:09:00 - PHP Warning:  curl_setopt() has been disabled for security reasons in /profiles/j/ji/jin/jinsike/jinsike.zzz.com.ua/admin/model/localisation/currency.php on line 125
2019-06-27 0:09:00 - PHP Warning:  curl_setopt() has been disabled for security reasons in /profiles/j/ji/jin/jinsike/jinsike.zzz.com.ua/admin/model/localisation/currency.php on line 126
2019-06-27 0:09:00 - PHP Warning:  curl_setopt() has been disabled for security reasons in /profiles/j/ji/jin/jinsike/jinsike.zzz.com.ua/admin/model/localisation/currency.php on line 127
2019-06-27 0:09:00 - PHP Warning:  curl_exec() has been disabled for security reasons in /profiles/j/ji/jin/jinsike/jinsike.zzz.com.ua/admin/model/localisation/currency.php on line 129
2019-06-27 0:09:00 - PHP Warning:  curl_close() has been disabled for security reasons in /profiles/j/ji/jin/jinsike/jinsike.zzz.com.ua/admin/model/localisation/currency.php on line 131
2019-06-27 0:09:50 - PHP Warning:  curl_init() has been disabled for security reasons in /profiles/j/ji/jin/jinsike/jinsike.zzz.com.ua/admin/model/localisation/currency.php on line 121
2019-06-27 0:09:50 - PHP Warning:  curl_setopt() has been disabled for security reasons in /profiles/j/ji/jin/jinsike/jinsike.zzz.com.ua/admin/model/localisation/currency.php on line 123
2019-06-27 0:09:50 - PHP Warning:  curl_setopt() has been disabled for security reasons in /profiles/j/ji/jin/jinsike/jinsike.zzz.com.ua/admin/model/localisation/currency.php on line 124
2019-06-27 0:09:50 - PHP Warning:  curl_setopt() has been disabled for security reasons in /profiles/j/ji/jin/jinsike/jinsike.zzz.com.ua/admin/model/localisation/currency.php on line 125
2019-06-27 0:09:50 - PHP Warning:  curl_setopt() has been disabled for security reasons in /profiles/j/ji/jin/jinsike/jinsike.zzz.com.ua/admin/model/localisation/currency.php on line 126
2019-06-27 0:09:50 - PHP Warning:  curl_setopt() has been disabled for security reasons in /profiles/j/ji/jin/jinsike/jinsike.zzz.com.ua/admin/model/localisation/currency.php on line 127
2019-06-27 0:09:50 - PHP Warning:  curl_exec() has been disabled for security reasons in /profiles/j/ji/jin/jinsike/jinsike.zzz.com.ua/admin/model/localisation/currency.php on line 129
2019-06-27 0:09:50 - PHP Warning:  curl_close() has been disabled for security reasons in /profiles/j/ji/jin/jinsike/jinsike.zzz.com.ua/admin/model/localisation/currency.php on line 131
2019-06-27 0:11:36 - PHP Warning:  curl_init() has been disabled for security reasons in /profiles/j/ji/jin/jinsike/jinsike.zzz.com.ua/admin/model/localisation/currency.php on line 121
2019-06-27 0:11:36 - PHP Warning:  curl_setopt() has been disabled for security reasons in /profiles/j/ji/jin/jinsike/jinsike.zzz.com.ua/admin/model/localisation/currency.php on line 123
2019-06-27 0:11:36 - PHP Warning:  curl_setopt() has been disabled for security reasons in /profiles/j/ji/jin/jinsike/jinsike.zzz.com.ua/admin/model/localisation/currency.php on line 124
2019-06-27 0:11:36 - PHP Warning:  curl_setopt() has been disabled for security reasons in /profiles/j/ji/jin/jinsike/jinsike.zzz.com.ua/admin/model/localisation/currency.php on line 125
2019-06-27 0:11:36 - PHP Warning:  curl_setopt() has been disabled for security reasons in /profiles/j/ji/jin/jinsike/jinsike.zzz.com.ua/admin/model/localisation/currency.php on line 126
2019-06-27 0:11:36 - PHP Warning:  curl_setopt() has been disabled for security reasons in /profiles/j/ji/jin/jinsike/jinsike.zzz.com.ua/admin/model/localisation/currency.php on line 127
2019-06-27 0:11:36 - PHP Warning:  curl_exec() has been disabled for security reasons in /profiles/j/ji/jin/jinsike/jinsike.zzz.com.ua/admin/model/localisation/currency.php on line 129
2019-06-27 0:11:36 - PHP Warning:  curl_close() has been disabled for security reasons in /profiles/j/ji/jin/jinsike/jinsike.zzz.com.ua/admin/model/localisation/currency.php on line 131
2019-06-27 0:12:03 - PHP Warning:  curl_init() has been disabled for security reasons in /profiles/j/ji/jin/jinsike/jinsike.zzz.com.ua/admin/model/localisation/currency.php on line 121
2019-06-27 0:12:03 - PHP Warning:  curl_setopt() has been disabled for security reasons in /profiles/j/ji/jin/jinsike/jinsike.zzz.com.ua/admin/model/localisation/currency.php on line 123
2019-06-27 0:12:03 - PHP Warning:  curl_setopt() has been disabled for security reasons in /profiles/j/ji/jin/jinsike/jinsike.zzz.com.ua/admin/model/localisation/currency.php on line 124
2019-06-27 0:12:03 - PHP Warning:  curl_setopt() has been disabled for security reasons in /profiles/j/ji/jin/jinsike/jinsike.zzz.com.ua/admin/model/localisation/currency.php on line 125
2019-06-27 0:12:03 - PHP Warning:  curl_setopt() has been disabled for security reasons in /profiles/j/ji/jin/jinsike/jinsike.zzz.com.ua/admin/model/localisation/currency.php on line 126
2019-06-27 0:12:03 - PHP Warning:  curl_setopt() has been disabled for security reasons in /profiles/j/ji/jin/jinsike/jinsike.zzz.com.ua/admin/model/localisation/currency.php on line 127
2019-06-27 0:12:03 - PHP Warning:  curl_exec() has been disabled for security reasons in /profiles/j/ji/jin/jinsike/jinsike.zzz.com.ua/admin/model/localisation/currency.php on line 129
2019-06-27 0:12:03 - PHP Warning:  curl_close() has been disabled for security reasons in /profiles/j/ji/jin/jinsike/jinsike.zzz.com.ua/admin/model/localisation/currency.php on line 131
2019-06-27 0:12:03 - PHP Warning:  curl_init() has been disabled for security reasons in /profiles/j/ji/jin/jinsike/jinsike.zzz.com.ua/admin/model/localisation/currency.php on line 121
2019-06-27 0:12:03 - PHP Warning:  curl_setopt() has been disabled for security reasons in /profiles/j/ji/jin/jinsike/jinsike.zzz.com.ua/admin/model/localisation/currency.php on line 123
2019-06-27 0:12:03 - PHP Warning:  curl_setopt() has been disabled for security reasons in /profiles/j/ji/jin/jinsike/jinsike.zzz.com.ua/admin/model/localisation/currency.php on line 124
2019-06-27 0:12:03 - PHP Warning:  curl_setopt() has been disabled for security reasons in /profiles/j/ji/jin/jinsike/jinsike.zzz.com.ua/admin/model/localisation/currency.php on line 125
2019-06-27 0:12:03 - PHP Warning:  curl_setopt() has been disabled for security reasons in /profiles/j/ji/jin/jinsike/jinsike.zzz.com.ua/admin/model/localisation/currency.php on line 126
2019-06-27 0:12:03 - PHP Warning:  curl_setopt() has been disabled for security reasons in /profiles/j/ji/jin/jinsike/jinsike.zzz.com.ua/admin/model/localisation/currency.php on line 127
2019-06-27 0:12:03 - PHP Warning:  curl_exec() has been disabled for security reasons in /profiles/j/ji/jin/jinsike/jinsike.zzz.com.ua/admin/model/localisation/currency.php on line 129
2019-06-27 0:12:03 - PHP Warning:  curl_close() has been disabled for security reasons in /profiles/j/ji/jin/jinsike/jinsike.zzz.com.ua/admin/model/localisation/currency.php on line 131
2019-06-27 0:12:14 - PHP Warning:  curl_init() has been disabled for security reasons in /profiles/j/ji/jin/jinsike/jinsike.zzz.com.ua/admin/model/localisation/currency.php on line 121
2019-06-27 0:12:14 - PHP Warning:  curl_setopt() has been disabled for security reasons in /profiles/j/ji/jin/jinsike/jinsike.zzz.com.ua/admin/model/localisation/currency.php on line 123
2019-06-27 0:12:14 - PHP Warning:  curl_setopt() has been disabled for security reasons in /profiles/j/ji/jin/jinsike/jinsike.zzz.com.ua/admin/model/localisation/currency.php on line 124
2019-06-27 0:12:14 - PHP Warning:  curl_setopt() has been disabled for security reasons in /profiles/j/ji/jin/jinsike/jinsike.zzz.com.ua/admin/model/localisation/currency.php on line 125
2019-06-27 0:12:14 - PHP Warning:  curl_setopt() has been disabled for security reasons in /profiles/j/ji/jin/jinsike/jinsike.zzz.com.ua/admin/model/localisation/currency.php on line 126
2019-06-27 0:12:14 - PHP Warning:  curl_setopt() has been disabled for security reasons in /profiles/j/ji/jin/jinsike/jinsike.zzz.com.ua/admin/model/localisation/currency.php on line 127
2019-06-27 0:12:14 - PHP Warning:  curl_exec() has been disabled for security reasons in /profiles/j/ji/jin/jinsike/jinsike.zzz.com.ua/admin/model/localisation/currency.php on line 129
2019-06-27 0:12:14 - PHP Warning:  curl_close() has been disabled for security reasons in /profiles/j/ji/jin/jinsike/jinsike.zzz.com.ua/admin/model/localisation/currency.php on line 131
2019-06-27 0:12:58 - PHP Warning:  curl_init() has been disabled for security reasons in /profiles/j/ji/jin/jinsike/jinsike.zzz.com.ua/admin/model/localisation/currency.php on line 121
2019-06-27 0:12:58 - PHP Warning:  curl_setopt() has been disabled for security reasons in /profiles/j/ji/jin/jinsike/jinsike.zzz.com.ua/admin/model/localisation/currency.php on line 123
2019-06-27 0:12:58 - PHP Warning:  curl_setopt() has been disabled for security reasons in /profiles/j/ji/jin/jinsike/jinsike.zzz.com.ua/admin/model/localisation/currency.php on line 124
2019-06-27 0:12:58 - PHP Warning:  curl_setopt() has been disabled for security reasons in /profiles/j/ji/jin/jinsike/jinsike.zzz.com.ua/admin/model/localisation/currency.php on line 125
2019-06-27 0:12:58 - PHP Warning:  curl_setopt() has been disabled for security reasons in /profiles/j/ji/jin/jinsike/jinsike.zzz.com.ua/admin/model/localisation/currency.php on line 126
2019-06-27 0:12:58 - PHP Warning:  curl_setopt() has been disabled for security reasons in /profiles/j/ji/jin/jinsike/jinsike.zzz.com.ua/admin/model/localisation/currency.php on line 127
2019-06-27 0:12:58 - PHP Warning:  curl_exec() has been disabled for security reasons in /profiles/j/ji/jin/jinsike/jinsike.zzz.com.ua/admin/model/localisation/currency.php on line 129
2019-06-27 0:12:58 - PHP Warning:  curl_close() has been disabled for security reasons in /profiles/j/ji/jin/jinsike/jinsike.zzz.com.ua/admin/model/localisation/currency.php on line 131
2019-06-27 0:12:58 - PHP Warning:  curl_init() has been disabled for security reasons in /profiles/j/ji/jin/jinsike/jinsike.zzz.com.ua/admin/model/localisation/currency.php on line 121
2019-06-27 0:12:58 - PHP Warning:  curl_setopt() has been disabled for security reasons in /profiles/j/ji/jin/jinsike/jinsike.zzz.com.ua/admin/model/localisation/currency.php on line 123
2019-06-27 0:12:58 - PHP Warning:  curl_setopt() has been disabled for security reasons in /profiles/j/ji/jin/jinsike/jinsike.zzz.com.ua/admin/model/localisation/currency.php on line 124
2019-06-27 0:12:58 - PHP Warning:  curl_setopt() has been disabled for security reasons in /profiles/j/ji/jin/jinsike/jinsike.zzz.com.ua/admin/model/localisation/currency.php on line 125
2019-06-27 0:12:58 - PHP Warning:  curl_setopt() has been disabled for security reasons in /profiles/j/ji/jin/jinsike/jinsike.zzz.com.ua/admin/model/localisation/currency.php on line 126
2019-06-27 0:12:58 - PHP Warning:  curl_setopt() has been disabled for security reasons in /profiles/j/ji/jin/jinsike/jinsike.zzz.com.ua/admin/model/localisation/currency.php on line 127
2019-06-27 0:12:58 - PHP Warning:  curl_exec() has been disabled for security reasons in /profiles/j/ji/jin/jinsike/jinsike.zzz.com.ua/admin/model/localisation/currency.php on line 129
2019-06-27 0:12:58 - PHP Warning:  curl_close() has been disabled for security reasons in /profiles/j/ji/jin/jinsike/jinsike.zzz.com.ua/admin/model/localisation/currency.php on line 131
2019-06-27 0:13:28 - PHP Warning:  curl_init() has been disabled for security reasons in /profiles/j/ji/jin/jinsike/jinsike.zzz.com.ua/admin/model/localisation/currency.php on line 121
2019-06-27 0:13:28 - PHP Warning:  curl_setopt() has been disabled for security reasons in /profiles/j/ji/jin/jinsike/jinsike.zzz.com.ua/admin/model/localisation/currency.php on line 123
2019-06-27 0:13:28 - PHP Warning:  curl_setopt() has been disabled for security reasons in /profiles/j/ji/jin/jinsike/jinsike.zzz.com.ua/admin/model/localisation/currency.php on line 124
2019-06-27 0:13:28 - PHP Warning:  curl_setopt() has been disabled for security reasons in /profiles/j/ji/jin/jinsike/jinsike.zzz.com.ua/admin/model/localisation/currency.php on line 125
2019-06-27 0:13:28 - PHP Warning:  curl_setopt() has been disabled for security reasons in /profiles/j/ji/jin/jinsike/jinsike.zzz.com.ua/admin/model/localisation/currency.php on line 126
2019-06-27 0:13:28 - PHP Warning:  curl_setopt() has been disabled for security reasons in /profiles/j/ji/jin/jinsike/jinsike.zzz.com.ua/admin/model/localisation/currency.php on line 127
2019-06-27 0:13:28 - PHP Warning:  curl_exec() has been disabled for security reasons in /profiles/j/ji/jin/jinsike/jinsike.zzz.com.ua/admin/model/localisation/currency.php on line 129
2019-06-27 0:13:28 - PHP Warning:  curl_close() has been disabled for security reasons in /profiles/j/ji/jin/jinsike/jinsike.zzz.com.ua/admin/model/localisation/currency.php on line 131
2019-06-27 0:13:28 - PHP Warning:  curl_init() has been disabled for security reasons in /profiles/j/ji/jin/jinsike/jinsike.zzz.com.ua/admin/model/localisation/currency.php on line 121
2019-06-27 0:13:28 - PHP Warning:  curl_setopt() has been disabled for security reasons in /profiles/j/ji/jin/jinsike/jinsike.zzz.com.ua/admin/model/localisation/currency.php on line 123
2019-06-27 0:13:28 - PHP Warning:  curl_setopt() has been disabled for security reasons in /profiles/j/ji/jin/jinsike/jinsike.zzz.com.ua/admin/model/localisation/currency.php on line 124
2019-06-27 0:13:28 - PHP Warning:  curl_setopt() has been disabled for security reasons in /profiles/j/ji/jin/jinsike/jinsike.zzz.com.ua/admin/model/localisation/currency.php on line 125
2019-06-27 0:13:28 - PHP Warning:  curl_setopt() has been disabled for security reasons in /profiles/j/ji/jin/jinsike/jinsike.zzz.com.ua/admin/model/localisation/currency.php on line 126
2019-06-27 0:13:28 - PHP Warning:  curl_setopt() has been disabled for security reasons in /profiles/j/ji/jin/jinsike/jinsike.zzz.com.ua/admin/model/localisation/currency.php on line 127
2019-06-27 0:13:28 - PHP Warning:  curl_exec() has been disabled for security reasons in /profiles/j/ji/jin/jinsike/jinsike.zzz.com.ua/admin/model/localisation/currency.php on line 129
2019-06-27 0:13:28 - PHP Warning:  curl_close() has been disabled for security reasons in /profiles/j/ji/jin/jinsike/jinsike.zzz.com.ua/admin/model/localisation/currency.php on line 131
2019-06-27 0:14:27 - PHP Warning:  curl_init() has been disabled for security reasons in /profiles/j/ji/jin/jinsike/jinsike.zzz.com.ua/admin/model/localisation/currency.php on line 121
2019-06-27 0:14:27 - PHP Warning:  curl_setopt() has been disabled for security reasons in /profiles/j/ji/jin/jinsike/jinsike.zzz.com.ua/admin/model/localisation/currency.php on line 123
2019-06-27 0:14:27 - PHP Warning:  curl_setopt() has been disabled for security reasons in /profiles/j/ji/jin/jinsike/jinsike.zzz.com.ua/admin/model/localisation/currency.php on line 124
2019-06-27 0:14:27 - PHP Warning:  curl_setopt() has been disabled for security reasons in /profiles/j/ji/jin/jinsike/jinsike.zzz.com.ua/admin/model/localisation/currency.php on line 125
2019-06-27 0:14:27 - PHP Warning:  curl_setopt() has been disabled for security reasons in /profiles/j/ji/jin/jinsike/jinsike.zzz.com.ua/admin/model/localisation/currency.php on line 126
2019-06-27 0:14:27 - PHP Warning:  curl_setopt() has been disabled for security reasons in /profiles/j/ji/jin/jinsike/jinsike.zzz.com.ua/admin/model/localisation/currency.php on line 127
2019-06-27 0:14:27 - PHP Warning:  curl_exec() has been disabled for security reasons in /profiles/j/ji/jin/jinsike/jinsike.zzz.com.ua/admin/model/localisation/currency.php on line 129
2019-06-27 0:14:27 - PHP Warning:  curl_close() has been disabled for security reasons in /profiles/j/ji/jin/jinsike/jinsike.zzz.com.ua/admin/model/localisation/currency.php on line 131
2019-06-27 0:15:51 - PHP Warning:  curl_init() has been disabled for security reasons in /profiles/j/ji/jin/jinsike/jinsike.zzz.com.ua/admin/model/localisation/currency.php on line 121
2019-06-27 0:15:51 - PHP Warning:  curl_setopt() has been disabled for security reasons in /profiles/j/ji/jin/jinsike/jinsike.zzz.com.ua/admin/model/localisation/currency.php on line 123
2019-06-27 0:15:51 - PHP Warning:  curl_setopt() has been disabled for security reasons in /profiles/j/ji/jin/jinsike/jinsike.zzz.com.ua/admin/model/localisation/currency.php on line 124
2019-06-27 0:15:51 - PHP Warning:  curl_setopt() has been disabled for security reasons in /profiles/j/ji/jin/jinsike/jinsike.zzz.com.ua/admin/model/localisation/currency.php on line 125
2019-06-27 0:15:51 - PHP Warning:  curl_setopt() has been disabled for security reasons in /profiles/j/ji/jin/jinsike/jinsike.zzz.com.ua/admin/model/localisation/currency.php on line 126
2019-06-27 0:15:51 - PHP Warning:  curl_setopt() has been disabled for security reasons in /profiles/j/ji/jin/jinsike/jinsike.zzz.com.ua/admin/model/localisation/currency.php on line 127
2019-06-27 0:15:51 - PHP Warning:  curl_exec() has been disabled for security reasons in /profiles/j/ji/jin/jinsike/jinsike.zzz.com.ua/admin/model/localisation/currency.php on line 129
2019-06-27 0:15:51 - PHP Warning:  curl_close() has been disabled for security reasons in /profiles/j/ji/jin/jinsike/jinsike.zzz.com.ua/admin/model/localisation/currency.php on line 131
2019-06-27 0:17:45 - PHP Warning:  curl_init() has been disabled for security reasons in /profiles/j/ji/jin/jinsike/jinsike.zzz.com.ua/admin/model/localisation/currency.php on line 121
2019-06-27 0:17:45 - PHP Warning:  curl_setopt() has been disabled for security reasons in /profiles/j/ji/jin/jinsike/jinsike.zzz.com.ua/admin/model/localisation/currency.php on line 123
2019-06-27 0:17:45 - PHP Warning:  curl_setopt() has been disabled for security reasons in /profiles/j/ji/jin/jinsike/jinsike.zzz.com.ua/admin/model/localisation/currency.php on line 124
2019-06-27 0:17:45 - PHP Warning:  curl_setopt() has been disabled for security reasons in /profiles/j/ji/jin/jinsike/jinsike.zzz.com.ua/admin/model/localisation/currency.php on line 125
2019-06-27 0:17:45 - PHP Warning:  curl_setopt() has been disabled for security reasons in /profiles/j/ji/jin/jinsike/jinsike.zzz.com.ua/admin/model/localisation/currency.php on line 126
2019-06-27 0:17:45 - PHP Warning:  curl_setopt() has been disabled for security reasons in /profiles/j/ji/jin/jinsike/jinsike.zzz.com.ua/admin/model/localisation/currency.php on line 127
2019-06-27 0:17:45 - PHP Warning:  curl_exec() has been disabled for security reasons in /profiles/j/ji/jin/jinsike/jinsike.zzz.com.ua/admin/model/localisation/currency.php on line 129
2019-06-27 0:17:45 - PHP Warning:  curl_close() has been disabled for security reasons in /profiles/j/ji/jin/jinsike/jinsike.zzz.com.ua/admin/model/localisation/currency.php on line 131
2019-06-27 0:17:47 - PHP Warning:  curl_init() has been disabled for security reasons in /profiles/j/ji/jin/jinsike/jinsike.zzz.com.ua/admin/model/localisation/currency.php on line 121
2019-06-27 0:17:47 - PHP Warning:  curl_setopt() has been disabled for security reasons in /profiles/j/ji/jin/jinsike/jinsike.zzz.com.ua/admin/model/localisation/currency.php on line 123
2019-06-27 0:17:47 - PHP Warning:  curl_setopt() has been disabled for security reasons in /profiles/j/ji/jin/jinsike/jinsike.zzz.com.ua/admin/model/localisation/currency.php on line 124
2019-06-27 0:17:47 - PHP Warning:  curl_setopt() has been disabled for security reasons in /profiles/j/ji/jin/jinsike/jinsike.zzz.com.ua/admin/model/localisation/currency.php on line 125
2019-06-27 0:17:47 - PHP Warning:  curl_setopt() has been disabled for security reasons in /profiles/j/ji/jin/jinsike/jinsike.zzz.com.ua/admin/model/localisation/currency.php on line 126
2019-06-27 0:17:47 - PHP Warning:  curl_setopt() has been disabled for security reasons in /profiles/j/ji/jin/jinsike/jinsike.zzz.com.ua/admin/model/localisation/currency.php on line 127
2019-06-27 0:17:47 - PHP Warning:  curl_exec() has been disabled for security reasons in /profiles/j/ji/jin/jinsike/jinsike.zzz.com.ua/admin/model/localisation/currency.php on line 129
2019-06-27 0:17:47 - PHP Warning:  curl_close() has been disabled for security reasons in /profiles/j/ji/jin/jinsike/jinsike.zzz.com.ua/admin/model/localisation/currency.php on line 131
2019-06-27 0:19:11 - PHP Warning:  curl_init() has been disabled for security reasons in /profiles/j/ji/jin/jinsike/jinsike.zzz.com.ua/admin/model/localisation/currency.php on line 121
2019-06-27 0:19:11 - PHP Warning:  curl_setopt() has been disabled for security reasons in /profiles/j/ji/jin/jinsike/jinsike.zzz.com.ua/admin/model/localisation/currency.php on line 123
2019-06-27 0:19:11 - PHP Warning:  curl_setopt() has been disabled for security reasons in /profiles/j/ji/jin/jinsike/jinsike.zzz.com.ua/admin/model/localisation/currency.php on line 124
2019-06-27 0:19:11 - PHP Warning:  curl_setopt() has been disabled for security reasons in /profiles/j/ji/jin/jinsike/jinsike.zzz.com.ua/admin/model/localisation/currency.php on line 125
2019-06-27 0:19:11 - PHP Warning:  curl_setopt() has been disabled for security reasons in /profiles/j/ji/jin/jinsike/jinsike.zzz.com.ua/admin/model/localisation/currency.php on line 126
2019-06-27 0:19:11 - PHP Warning:  curl_setopt() has been disabled for security reasons in /profiles/j/ji/jin/jinsike/jinsike.zzz.com.ua/admin/model/localisation/currency.php on line 127
2019-06-27 0:19:11 - PHP Warning:  curl_exec() has been disabled for security reasons in /profiles/j/ji/jin/jinsike/jinsike.zzz.com.ua/admin/model/localisation/currency.php on line 129
2019-06-27 0:19:11 - PHP Warning:  curl_close() has been disabled for security reasons in /profiles/j/ji/jin/jinsike/jinsike.zzz.com.ua/admin/model/localisation/currency.php on line 131
2019-06-27 0:24:53 - PHP Warning:  curl_init() has been disabled for security reasons in /profiles/j/ji/jin/jinsike/jinsike.zzz.com.ua/admin/model/localisation/currency.php on line 121
2019-06-27 0:24:53 - PHP Warning:  curl_setopt() has been disabled for security reasons in /profiles/j/ji/jin/jinsike/jinsike.zzz.com.ua/admin/model/localisation/currency.php on line 123
2019-06-27 0:24:53 - PHP Warning:  curl_setopt() has been disabled for security reasons in /profiles/j/ji/jin/jinsike/jinsike.zzz.com.ua/admin/model/localisation/currency.php on line 124
2019-06-27 0:24:53 - PHP Warning:  curl_setopt() has been disabled for security reasons in /profiles/j/ji/jin/jinsike/jinsike.zzz.com.ua/admin/model/localisation/currency.php on line 125
2019-06-27 0:24:53 - PHP Warning:  curl_setopt() has been disabled for security reasons in /profiles/j/ji/jin/jinsike/jinsike.zzz.com.ua/admin/model/localisation/currency.php on line 126
2019-06-27 0:24:53 - PHP Warning:  curl_setopt() has been disabled for security reasons in /profiles/j/ji/jin/jinsike/jinsike.zzz.com.ua/admin/model/localisation/currency.php on line 127
2019-06-27 0:24:53 - PHP Warning:  curl_exec() has been disabled for security reasons in /profiles/j/ji/jin/jinsike/jinsike.zzz.com.ua/admin/model/localisation/currency.php on line 129
2019-06-27 0:24:53 - PHP Warning:  curl_close() has been disabled for security reasons in /profiles/j/ji/jin/jinsike/jinsike.zzz.com.ua/admin/model/localisation/currency.php on line 131
2019-06-27 0:25:18 - PHP Notice:  Undefined variable: curl in /profiles/j/ji/jin/jinsike/jinsike.zzz.com.ua/admin/model/localisation/currency.php on line 131
2019-06-27 0:25:18 - PHP Warning:  curl_close() has been disabled for security reasons in /profiles/j/ji/jin/jinsike/jinsike.zzz.com.ua/admin/model/localisation/currency.php on line 131
2019-06-27 0:25:18 - PHP Notice:  Undefined variable: content in /profiles/j/ji/jin/jinsike/jinsike.zzz.com.ua/admin/model/localisation/currency.php on line 133
2019-06-27 0:26:01 - PHP Notice:  Undefined variable: content in /profiles/j/ji/jin/jinsike/jinsike.zzz.com.ua/admin/model/localisation/currency.php on line 133
2019-06-27 1:48:31 - PHP Warning:  ftp_login(): Login authentication failed in /profiles/j/ji/jin/jinsike/jinsike.zzz.com.ua/admin/controller/extension/installer.php on line 294
2019-06-27 1:49:03 - PHP Warning:  ftp_login(): Login authentication failed in /profiles/j/ji/jin/jinsike/jinsike.zzz.com.ua/admin/controller/extension/installer.php on line 294
2019-06-27 2:17:31 - PHP Warning:  DOMDocument::loadXML(): Input is not proper UTF-8, indicate encoding !
Bytes: 0xD2 0xE5 0xF1 0xF2 in Entity, line: 18 in /profiles/j/ji/jin/jinsike/jinsike.zzz.com.ua/admin/controller/extension/modification.php on line 143
2019-06-27 2:17:31 - PHP Notice:  Trying to get property of non-object in /profiles/j/ji/jin/jinsike/jinsike.zzz.com.ua/admin/controller/extension/modification.php on line 146
2019-06-27 2:19:43 - PHP Warning:  DOMDocument::loadXML(): Input is not proper UTF-8, indicate encoding !
Bytes: 0xD2 0xE5 0xF1 0xF2 in Entity, line: 18 in /profiles/j/ji/jin/jinsike/jinsike.zzz.com.ua/admin/controller/extension/modification.php on line 143
2019-06-27 2:19:43 - PHP Notice:  Trying to get property of non-object in /profiles/j/ji/jin/jinsike/jinsike.zzz.com.ua/admin/controller/extension/modification.php on line 146
2019-06-27 2:19:47 - PHP Warning:  DOMDocument::loadXML(): Input is not proper UTF-8, indicate encoding !
Bytes: 0xD2 0xE5 0xF1 0xF2 in Entity, line: 18 in /profiles/j/ji/jin/jinsike/jinsike.zzz.com.ua/admin/controller/extension/modification.php on line 143
2019-06-27 2:19:47 - PHP Notice:  Trying to get property of non-object in /profiles/j/ji/jin/jinsike/jinsike.zzz.com.ua/admin/controller/extension/modification.php on line 146
2019-06-27 2:19:48 - PHP Warning:  DOMDocument::loadXML(): Input is not proper UTF-8, indicate encoding !
Bytes: 0xD2 0xE5 0xF1 0xF2 in Entity, line: 18 in /profiles/j/ji/jin/jinsike/jinsike.zzz.com.ua/admin/controller/extension/modification.php on line 143
2019-06-27 2:19:48 - PHP Notice:  Trying to get property of non-object in /profiles/j/ji/jin/jinsike/jinsike.zzz.com.ua/admin/controller/extension/modification.php on line 146
2019-06-27 2:19:49 - PHP Warning:  DOMDocument::loadXML(): Input is not proper UTF-8, indicate encoding !
Bytes: 0xD2 0xE5 0xF1 0xF2 in Entity, line: 18 in /profiles/j/ji/jin/jinsike/jinsike.zzz.com.ua/admin/controller/extension/modification.php on line 143
2019-06-27 2:19:49 - PHP Notice:  Trying to get property of non-object in /profiles/j/ji/jin/jinsike/jinsike.zzz.com.ua/admin/controller/extension/modification.php on line 146
2019-06-27 2:19:55 - PHP Warning:  DOMDocument::loadXML(): Input is not proper UTF-8, indicate encoding !
Bytes: 0xD2 0xE5 0xF1 0xF2 in Entity, line: 18 in /profiles/j/ji/jin/jinsike/jinsike.zzz.com.ua/admin/controller/extension/modification.php on line 143
2019-06-27 2:19:55 - PHP Notice:  Trying to get property of non-object in /profiles/j/ji/jin/jinsike/jinsike.zzz.com.ua/admin/controller/extension/modification.php on line 146
2019-06-27 2:19:56 - PHP Warning:  DOMDocument::loadXML(): Input is not proper UTF-8, indicate encoding !
Bytes: 0xD2 0xE5 0xF1 0xF2 in Entity, line: 18 in /profiles/j/ji/jin/jinsike/jinsike.zzz.com.ua/admin/controller/extension/modification.php on line 143
2019-06-27 2:19:56 - PHP Notice:  Trying to get property of non-object in /profiles/j/ji/jin/jinsike/jinsike.zzz.com.ua/admin/controller/extension/modification.php on line 146
2019-06-27 2:19:57 - PHP Warning:  DOMDocument::loadXML(): Input is not proper UTF-8, indicate encoding !
Bytes: 0xD2 0xE5 0xF1 0xF2 in Entity, line: 18 in /profiles/j/ji/jin/jinsike/jinsike.zzz.com.ua/admin/controller/extension/modification.php on line 143
2019-06-27 2:19:57 - PHP Notice:  Trying to get property of non-object in /profiles/j/ji/jin/jinsike/jinsike.zzz.com.ua/admin/controller/extension/modification.php on line 146
2019-06-27 2:31:54 - PHP Warning:  ftp_connect(): php_network_getaddresses: getaddrinfo failed: Temporary failure in name resolution in /profiles/j/ji/jin/jinsike/jinsike.zzz.com.ua/admin/controller/extension/installer.php on line 291
2019-06-27 2:36:35 - PHP Warning:  ftp_login(): Login authentication failed in /profiles/j/ji/jin/jinsike/jinsike.zzz.com.ua/admin/controller/extension/installer.php on line 294
2019-06-27 2:42:58 - PHP Notice:  Undefined index: user_token in /profiles/j/ji/jin/jinsike/jinsike.zzz.com.ua/admin/controller/extension/theme/listore.php on line 102
2019-06-27 2:42:58 - PHP Notice:  Undefined index: user_token in /profiles/j/ji/jin/jinsike/jinsike.zzz.com.ua/admin/controller/extension/theme/listore.php on line 107
2019-06-27 2:42:58 - PHP Notice:  Undefined index: user_token in /profiles/j/ji/jin/jinsike/jinsike.zzz.com.ua/admin/controller/extension/theme/listore.php on line 112
2019-06-27 2:42:58 - PHP Notice:  Undefined index: user_token in /profiles/j/ji/jin/jinsike/jinsike.zzz.com.ua/admin/controller/extension/theme/listore.php on line 115
2019-06-27 2:42:58 - PHP Notice:  Undefined index: user_token in /profiles/j/ji/jin/jinsike/jinsike.zzz.com.ua/admin/controller/extension/theme/listore.php on line 117
2019-06-27 2:42:58 - PHP Notice:  Error: Could not load template /profiles/j/ji/jin/jinsike/jinsike.zzz.com.ua/admin/view/template/extension/theme/listore.tpl! in /profiles/j/ji/jin/jinsike/jinsike.zzz.com.ua/system/storage/modification/system/library/template/php.php on line 23
2019-06-27 19:54:11 - PHP Warning:  file_get_contents(../sitemap/xsl/sitemap-index/1.xsl): failed to open stream: No such file or directory in /profiles/j/ji/jin/jinsike/jinsike.zzz.com.ua/admin/model/extension/feed/gcrdev_sitemap.php on line 8
2019-06-27 19:54:11 - PHP Warning:  file_get_contents(../sitemap/xsl/sitemap-index/2.xsl): failed to open stream: No such file or directory in /profiles/j/ji/jin/jinsike/jinsike.zzz.com.ua/admin/model/extension/feed/gcrdev_sitemap.php on line 10
2019-06-27 19:54:11 - PHP Warning:  file_get_contents(../sitemap/xsl/sitemap-index/3.xsl): failed to open stream: No such file or directory in /profiles/j/ji/jin/jinsike/jinsike.zzz.com.ua/admin/model/extension/feed/gcrdev_sitemap.php on line 12
2019-06-27 19:54:11 - PHP Warning:  file_get_contents(../sitemap/xsl/sitemap-index/4.xsl): failed to open stream: No such file or directory in /profiles/j/ji/jin/jinsike/jinsike.zzz.com.ua/admin/model/extension/feed/gcrdev_sitemap.php on line 14
2019-06-27 19:54:11 - PHP Warning:  file_get_contents(../sitemap/xsl/map-style/1.xsl): failed to open stream: No such file or directory in /profiles/j/ji/jin/jinsike/jinsike.zzz.com.ua/admin/model/extension/feed/gcrdev_sitemap.php on line 22
2019-06-27 19:54:11 - PHP Warning:  file_get_contents(../sitemap/xsl/map-style/2.xsl): failed to open stream: No such file or directory in /profiles/j/ji/jin/jinsike/jinsike.zzz.com.ua/admin/model/extension/feed/gcrdev_sitemap.php on line 24
2019-06-27 19:54:11 - PHP Warning:  file_get_contents(../sitemap/xsl/map-style/3.xsl): failed to open stream: No such file or directory in /profiles/j/ji/jin/jinsike/jinsike.zzz.com.ua/admin/model/extension/feed/gcrdev_sitemap.php on line 26
2019-06-27 19:54:11 - PHP Warning:  file_get_contents(../sitemap/xsl/map-style/4.xsl): failed to open stream: No such file or directory in /profiles/j/ji/jin/jinsike/jinsike.zzz.com.ua/admin/model/extension/feed/gcrdev_sitemap.php on line 29
